<?xml version="1.0" encoding="UTF-8"?>
<!-- Generated by org.testng.reporters.JUnitXMLReporter -->
<testsuite ignored="0" hostname="Dell-Vostro" failures="0" tests="4" name="testForChrome" time="597.382" errors="0" timestamp="2022-09-16T17:37:40 CEST">
  <testcase classname="HomeTest" name="checkTitle" time="0.158"/>
  <testcase classname="HomeTest" name="open" time="0.098"/>
  <testcase classname="SearchPageTest" name="searchNotEmpty" time="6.158"/>
  <testcase classname="SearchPageTest" name="isSearch" time="13.993"/>
</testsuite> <!-- testForChrome -->
