<?xml version="1.0" encoding="UTF-8"?>
<!-- Generated by org.testng.reporters.JUnitXMLReporter -->
<testsuite ignored="0" hostname="Dell-Vostro" failures="0" tests="4" name="testForFirefox" time="563.349" errors="0" timestamp="2022-09-16T17:37:06 CEST">
  <testcase classname="HomeTest" name="checkTitle" time="0.142"/>
  <testcase classname="HomeTest" name="open" time="0.104"/>
  <testcase classname="SearchPageTest" name="searchNotEmpty" time="6.149"/>
  <testcase classname="SearchPageTest" name="isSearch" time="11.334"/>
</testsuite> <!-- testForFirefox -->
