<?xml version="1.0" encoding="UTF-8"?>
<testng-results ignored="0" total="8" passed="8" failed="0" skipped="0">
  <reporter-output>
  </reporter-output>
  <suite started-at="2022-09-16T17:27:42 CEST" name="TA-HW4-Grid" finished-at="2022-09-16T17:37:40 CEST" duration-ms="597382">
    <groups>
    </groups>
    <test started-at="2022-09-16T17:27:42 CEST" name="testForFirefox" finished-at="2022-09-16T17:37:06 CEST" duration-ms="563349">
      <class name="SearchPageTest">
        <test-method is-config="true" signature="setup(java.lang.String)[pri:0, instance:SearchPageTest@74f0ea28]" started-at="2022-09-16T17:31:55 CEST" name="setup" finished-at="2022-09-16T17:36:23 CEST" duration-ms="268275" status="PASS">
          <params>
            <param index="0">
              <value>
                <![CDATA[chrome]]>
              </value>
            </param>
          </params>
          <reporter-output>
          </reporter-output>
        </test-method> <!-- setup -->
        <test-method signature="searchNotEmpty()[pri:0, instance:SearchPageTest@74f0ea28]" started-at="2022-09-16T17:36:23 CEST" name="searchNotEmpty" finished-at="2022-09-16T17:36:29 CEST" duration-ms="6149" status="PASS">
          <reporter-output>
          </reporter-output>
        </test-method> <!-- searchNotEmpty -->
        <test-method is-config="true" signature="quit()[pri:0, instance:SearchPageTest@74f0ea28]" started-at="2022-09-16T17:36:29 CEST" name="quit" finished-at="2022-09-16T17:36:31 CEST" duration-ms="2457" status="PASS">
          <reporter-output>
          </reporter-output>
        </test-method> <!-- quit -->
        <test-method is-config="true" signature="setup(java.lang.String)[pri:0, instance:SearchPageTest@74f0ea28]" started-at="2022-09-16T17:36:31 CEST" name="setup" finished-at="2022-09-16T17:36:54 CEST" duration-ms="22906" status="PASS">
          <params>
            <param index="0">
              <value>
                <![CDATA[chrome]]>
              </value>
            </param>
          </params>
          <reporter-output>
          </reporter-output>
        </test-method> <!-- setup -->
        <test-method signature="isSearch()[pri:0, instance:SearchPageTest@74f0ea28]" started-at="2022-09-16T17:36:54 CEST" name="isSearch" finished-at="2022-09-16T17:37:06 CEST" duration-ms="11334" status="PASS">
          <reporter-output>
          </reporter-output>
        </test-method> <!-- isSearch -->
        <test-method is-config="true" signature="quit()[pri:0, instance:SearchPageTest@74f0ea28]" started-at="2022-09-16T17:37:06 CEST" name="quit" finished-at="2022-09-16T17:37:06 CEST" duration-ms="144" status="PASS">
          <reporter-output>
          </reporter-output>
        </test-method> <!-- quit -->
        <test-method is-config="true" signature="terminate()[pri:0, instance:SearchPageTest@74f0ea28]" started-at="2022-09-16T17:37:06 CEST" name="terminate" finished-at="2022-09-16T17:37:06 CEST" duration-ms="1" status="PASS">
          <reporter-output>
          </reporter-output>
        </test-method> <!-- terminate -->
      </class> <!-- SearchPageTest -->
      <class name="HomeTest">
        <test-method is-config="true" signature="setup(java.lang.String)[pri:0, instance:HomeTest@1283bb96]" started-at="2022-09-16T17:27:43 CEST" name="setup" finished-at="2022-09-16T17:30:54 CEST" duration-ms="191467" status="PASS">
          <params>
            <param index="0">
              <value>
                <![CDATA[chrome]]>
              </value>
            </param>
          </params>
          <reporter-output>
          </reporter-output>
        </test-method> <!-- setup -->
        <test-method signature="checkTitle()[pri:0, instance:HomeTest@1283bb96]" started-at="2022-09-16T17:30:54 CEST" name="checkTitle" finished-at="2022-09-16T17:30:54 CEST" duration-ms="142" status="PASS">
          <reporter-output>
          </reporter-output>
        </test-method> <!-- checkTitle -->
        <test-method is-config="true" signature="quit()[pri:0, instance:HomeTest@1283bb96]" started-at="2022-09-16T17:30:54 CEST" name="quit" finished-at="2022-09-16T17:30:57 CEST" duration-ms="2424" status="PASS">
          <reporter-output>
          </reporter-output>
        </test-method> <!-- quit -->
        <test-method is-config="true" signature="setup(java.lang.String)[pri:0, instance:HomeTest@1283bb96]" started-at="2022-09-16T17:30:57 CEST" name="setup" finished-at="2022-09-16T17:31:52 CEST" duration-ms="55384" status="PASS">
          <params>
            <param index="0">
              <value>
                <![CDATA[chrome]]>
              </value>
            </param>
          </params>
          <reporter-output>
          </reporter-output>
        </test-method> <!-- setup -->
        <test-method signature="open()[pri:0, instance:HomeTest@1283bb96]" started-at="2022-09-16T17:31:52 CEST" name="open" finished-at="2022-09-16T17:31:52 CEST" duration-ms="104" status="PASS">
          <reporter-output>
          </reporter-output>
        </test-method> <!-- open -->
        <test-method is-config="true" signature="quit()[pri:0, instance:HomeTest@1283bb96]" started-at="2022-09-16T17:31:52 CEST" name="quit" finished-at="2022-09-16T17:31:55 CEST" duration-ms="2476" status="PASS">
          <reporter-output>
          </reporter-output>
        </test-method> <!-- quit -->
        <test-method is-config="true" signature="terminate()[pri:0, instance:HomeTest@1283bb96]" started-at="2022-09-16T17:31:55 CEST" name="terminate" finished-at="2022-09-16T17:31:55 CEST" duration-ms="1" status="PASS">
          <reporter-output>
          </reporter-output>
        </test-method> <!-- terminate -->
      </class> <!-- HomeTest -->
    </test> <!-- testForFirefox -->
    <test started-at="2022-09-16T17:27:42 CEST" name="testForChrome" finished-at="2022-09-16T17:37:40 CEST" duration-ms="597382">
      <class name="SearchPageTest">
        <test-method is-config="true" signature="setup(java.lang.String)[pri:0, instance:SearchPageTest@16293aa2]" started-at="2022-09-16T17:31:25 CEST" name="setup" finished-at="2022-09-16T17:36:23 CEST" duration-ms="298300" status="PASS">
          <params>
            <param index="0">
              <value>
                <![CDATA[chrome]]>
              </value>
            </param>
          </params>
          <reporter-output>
          </reporter-output>
        </test-method> <!-- setup -->
        <test-method signature="searchNotEmpty()[pri:0, instance:SearchPageTest@16293aa2]" started-at="2022-09-16T17:36:23 CEST" name="searchNotEmpty" finished-at="2022-09-16T17:36:29 CEST" duration-ms="6158" status="PASS">
          <reporter-output>
          </reporter-output>
        </test-method> <!-- searchNotEmpty -->
        <test-method is-config="true" signature="quit()[pri:0, instance:SearchPageTest@16293aa2]" started-at="2022-09-16T17:36:29 CEST" name="quit" finished-at="2022-09-16T17:36:32 CEST" duration-ms="2481" status="PASS">
          <reporter-output>
          </reporter-output>
        </test-method> <!-- quit -->
        <test-method is-config="true" signature="setup(java.lang.String)[pri:0, instance:SearchPageTest@16293aa2]" started-at="2022-09-16T17:36:32 CEST" name="setup" finished-at="2022-09-16T17:37:23 CEST" duration-ms="51795" status="PASS">
          <params>
            <param index="0">
              <value>
                <![CDATA[chrome]]>
              </value>
            </param>
          </params>
          <reporter-output>
          </reporter-output>
        </test-method> <!-- setup -->
        <test-method signature="isSearch()[pri:0, instance:SearchPageTest@16293aa2]" started-at="2022-09-16T17:37:23 CEST" name="isSearch" finished-at="2022-09-16T17:37:37 CEST" duration-ms="13993" status="PASS">
          <reporter-output>
          </reporter-output>
        </test-method> <!-- isSearch -->
        <test-method is-config="true" signature="quit()[pri:0, instance:SearchPageTest@16293aa2]" started-at="2022-09-16T17:37:37 CEST" name="quit" finished-at="2022-09-16T17:37:40 CEST" duration-ms="2419" status="PASS">
          <reporter-output>
          </reporter-output>
        </test-method> <!-- quit -->
        <test-method is-config="true" signature="terminate()[pri:0, instance:SearchPageTest@16293aa2]" started-at="2022-09-16T17:37:40 CEST" name="terminate" finished-at="2022-09-16T17:37:40 CEST" duration-ms="1" status="PASS">
          <reporter-output>
          </reporter-output>
        </test-method> <!-- terminate -->
      </class> <!-- SearchPageTest -->
      <class name="HomeTest">
        <test-method is-config="true" signature="setup(java.lang.String)[pri:0, instance:HomeTest@6aba2b86]" started-at="2022-09-16T17:27:43 CEST" name="setup" finished-at="2022-09-16T17:30:54 CEST" duration-ms="191705" status="PASS">
          <params>
            <param index="0">
              <value>
                <![CDATA[chrome]]>
              </value>
            </param>
          </params>
          <reporter-output>
          </reporter-output>
        </test-method> <!-- setup -->
        <test-method signature="checkTitle()[pri:0, instance:HomeTest@6aba2b86]" started-at="2022-09-16T17:30:54 CEST" name="checkTitle" finished-at="2022-09-16T17:30:54 CEST" duration-ms="158" status="PASS">
          <reporter-output>
          </reporter-output>
        </test-method> <!-- checkTitle -->
        <test-method is-config="true" signature="quit()[pri:0, instance:HomeTest@6aba2b86]" started-at="2022-09-16T17:30:54 CEST" name="quit" finished-at="2022-09-16T17:30:57 CEST" duration-ms="2427" status="PASS">
          <reporter-output>
          </reporter-output>
        </test-method> <!-- quit -->
        <test-method is-config="true" signature="setup(java.lang.String)[pri:0, instance:HomeTest@6aba2b86]" started-at="2022-09-16T17:30:57 CEST" name="setup" finished-at="2022-09-16T17:31:22 CEST" duration-ms="25248" status="PASS">
          <params>
            <param index="0">
              <value>
                <![CDATA[chrome]]>
              </value>
            </param>
          </params>
          <reporter-output>
          </reporter-output>
        </test-method> <!-- setup -->
        <test-method signature="open()[pri:0, instance:HomeTest@6aba2b86]" started-at="2022-09-16T17:31:22 CEST" name="open" finished-at="2022-09-16T17:31:22 CEST" duration-ms="98" status="PASS">
          <reporter-output>
          </reporter-output>
        </test-method> <!-- open -->
        <test-method is-config="true" signature="quit()[pri:0, instance:HomeTest@6aba2b86]" started-at="2022-09-16T17:31:22 CEST" name="quit" finished-at="2022-09-16T17:31:25 CEST" duration-ms="2433" status="PASS">
          <reporter-output>
          </reporter-output>
        </test-method> <!-- quit -->
        <test-method is-config="true" signature="terminate()[pri:0, instance:HomeTest@6aba2b86]" started-at="2022-09-16T17:31:25 CEST" name="terminate" finished-at="2022-09-16T17:31:25 CEST" duration-ms="1" status="PASS">
          <reporter-output>
          </reporter-output>
        </test-method> <!-- terminate -->
      </class> <!-- HomeTest -->
    </test> <!-- testForChrome -->
  </suite> <!-- TA-HW4-Grid -->
</testng-results>
